<?xml version="1.0" encoding="UTF-8"?>
<!-- Generated by org.testng.reporters.JUnitXMLReporter -->
<testsuite ignored="1" hostname="MSI" failures="0" tests="7" name="Surefire test" time="1.21" errors="0" timestamp="2024-07-25T14:59:38 IST">
  <testcase classname="TestClasses.LoginTest" name="@BeforeMethod prerequsite" time="-1.721899778867E9">
    <failure type="org.testng.TestNGException" message="
Parameter &amp;apos;Browsername&amp;apos; is required by BeforeMethod on method prerequsite but has not been marked @Optional or defined
">
      <![CDATA[org.testng.TestNGException: 
Parameter 'Browsername' is required by BeforeMethod on method prerequsite but has not been marked @Optional or defined

at java.base/java.util.ArrayList.forEach(ArrayList.java:1596)
... Removed 33 stack frames]]>
    </failure>
  </testcase> <!-- @BeforeMethod prerequsite -->
  <testcase classname="TestClasses.LoginTest" name="@AfterMethod teardown" time="0.0">
    <skipped/>
  </testcase> <!-- @AfterMethod teardown -->
  <testcase classname="TestClasses.LoginTest" name="@BeforeMethod prerequsite" time="0.0">
    <skipped/>
  </testcase> <!-- @BeforeMethod prerequsite -->
  <testcase classname="TestClasses.LoginTest" name="@AfterMethod teardown" time="0.0">
    <skipped/>
  </testcase> <!-- @AfterMethod teardown -->
  <testcase classname="TestClasses.LoginTest" name="@BeforeMethod prerequsite" time="0.0">
    <skipped/>
  </testcase> <!-- @BeforeMethod prerequsite -->
  <testcase classname="TestClasses.LoginTest" name="@AfterMethod teardown" time="0.0">
    <skipped/>
  </testcase> <!-- @AfterMethod teardown -->
  <testcase classname="TestClasses.LoginTest" name="@BeforeMethod prerequsite" time="0.0">
    <skipped/>
  </testcase> <!-- @BeforeMethod prerequsite -->
  <testcase classname="TestClasses.LoginTest" name="@AfterMethod teardown" time="0.0">
    <skipped/>
  </testcase> <!-- @AfterMethod teardown -->
  <testcase classname="TestClasses.LoginTest" name="@BeforeMethod prerequsite" time="0.0">
    <skipped/>
  </testcase> <!-- @BeforeMethod prerequsite -->
  <testcase classname="TestClasses.LoginTest" name="@AfterMethod teardown" time="0.0">
    <skipped/>
  </testcase> <!-- @AfterMethod teardown -->
  <testcase classname="TestClasses.LoginTest" name="@BeforeMethod prerequsite" time="0.0">
    <skipped/>
  </testcase> <!-- @BeforeMethod prerequsite -->
  <testcase classname="TestClasses.LoginTest" name="@AfterMethod teardown" time="0.0">
    <skipped/>
  </testcase> <!-- @AfterMethod teardown -->
  <testcase classname="TestClasses.LoginTest" name="@BeforeMethod prerequsite" time="0.0">
    <skipped/>
  </testcase> <!-- @BeforeMethod prerequsite -->
  <testcase classname="TestClasses.LoginTest" name="@AfterMethod teardown" time="0.0">
    <skipped/>
  </testcase> <!-- @AfterMethod teardown -->
  <testcase classname="TestClasses.LoginTest" name="SuccessfulLogin" time="0.0">
    <skipped/>
  </testcase> <!-- SuccessfulLogin -->
  <testcase classname="TestClasses.LoginTest" name="SuccessfulLogin" time="0.0">
    <skipped/>
  </testcase> <!-- SuccessfulLogin -->
  <testcase classname="TestClasses.LoginTest" name="SuccessfulLogin" time="0.0">
    <skipped/>
  </testcase> <!-- SuccessfulLogin -->
  <testcase classname="TestClasses.LoginTest" name="SuccessfulLogin" time="0.0">
    <skipped/>
  </testcase> <!-- SuccessfulLogin -->
  <testcase classname="TestClasses.LoginTest" name="SuccessfulLogin" time="0.0">
    <skipped/>
  </testcase> <!-- SuccessfulLogin -->
  <testcase classname="TestClasses.LoginTest" name="SuccessfulLogin" time="0.0">
    <skipped/>
  </testcase> <!-- SuccessfulLogin -->
  <testcase classname="TestClasses.LoginTest" name="Check_Optioncount_and_data" time="0.0">
    <skipped/>
  </testcase> <!-- Check_Optioncount_and_data -->
  <testcase classname="TestClasses.LoginTest" name="Invalid_UsernamePassword" time="0.0">
    <ignored/>
  </testcase> <!-- Invalid_UsernamePassword -->
</testsuite> <!-- Surefire test -->
