<?xml version="1.0" encoding="UTF-8"?>
<!-- Generated by org.testng.reporters.JUnitXMLReporter -->
<testsuite ignored="1" hostname="MSI" failures="0" tests="7" name="Default test" time="1.453" errors="0" timestamp="2024-07-25T13:38:43 IST">
  <testcase classname="TestClasses.LoginTest" name="@BeforeMethod prerequsite" time="-1.721894923268E9">
    <failure type="org.testng.TestNGException" message="
Parameter &amp;apos;Browsername&amp;apos; is required by BeforeMethod on method prerequsite but has not been marked @Optional or defined
in C:\Users\Vaibhav\AppData\Local\Temp\testng-eclipse-2008198127\testng-customsuite.xml">
      <![CDATA[org.testng.TestNGException: 
Parameter 'Browsername' is required by BeforeMethod on method prerequsite but has not been marked @Optional or defined
in C:\Users\Vaibhav\AppData\Local\Temp\testng-eclipse-2008198127\testng-customsuite.xml
at org.testng.internal.Parameters.createParams(Parameters.java:267)
at org.testng.internal.Parameters.createParametersForMethod(Parameters.java:355)
at org.testng.internal.Parameters.createParameters(Parameters.java:684)
at org.testng.internal.Parameters.createConfigurationParameters(Parameters.java:166)
at org.testng.internal.invokers.ConfigInvoker.invokeConfigurations(ConfigInvoker.java:277)
at org.testng.internal.invokers.TestInvoker.runConfigMethods(TestInvoker.java:823)
at org.testng.internal.invokers.TestInvoker.invokeMethod(TestInvoker.java:590)
at org.testng.internal.invokers.TestInvoker.invokeTestMethod(TestInvoker.java:221)
at org.testng.internal.invokers.MethodRunner.runInSequence(MethodRunner.java:50)
at org.testng.internal.invokers.TestInvoker$MethodInvocationAgent.invoke(TestInvoker.java:969)
at org.testng.internal.invokers.TestInvoker.invokeTestMethods(TestInvoker.java:194)
at org.testng.internal.invokers.TestMethodWorker.invokeTestMethods(TestMethodWorker.java:148)
at org.testng.internal.invokers.TestMethodWorker.run(TestMethodWorker.java:128)
at java.base/java.util.ArrayList.forEach(ArrayList.java:1596)
at org.testng.TestRunner.privateRun(TestRunner.java:829)
at org.testng.TestRunner.run(TestRunner.java:602)
at org.testng.SuiteRunner.runTest(SuiteRunner.java:437)
at org.testng.SuiteRunner.runSequentially(SuiteRunner.java:431)
at org.testng.SuiteRunner.privateRun(SuiteRunner.java:391)
at org.testng.SuiteRunner.run(SuiteRunner.java:330)
at org.testng.SuiteRunnerWorker.runSuite(SuiteRunnerWorker.java:52)
at org.testng.SuiteRunnerWorker.run(SuiteRunnerWorker.java:95)
at org.testng.TestNG.runSuitesSequentially(TestNG.java:1256)
at org.testng.TestNG.runSuitesLocally(TestNG.java:1176)
at org.testng.TestNG.runSuites(TestNG.java:1099)
at org.testng.TestNG.run(TestNG.java:1067)
at org.testng.remote.AbstractRemoteTestNG.run(AbstractRemoteTestNG.java:115)
at org.testng.remote.RemoteTestNG.initAndRun(RemoteTestNG.java:293)
at org.testng.remote.RemoteTestNG.main(RemoteTestNG.java:91)
]]>
    </failure>
  </testcase> <!-- @BeforeMethod prerequsite -->
  <testcase classname="TestClasses.LoginTest" name="@AfterMethod teardown" time="0.0">
    <skipped/>
  </testcase> <!-- @AfterMethod teardown -->
  <testcase classname="TestClasses.LoginTest" name="@BeforeMethod prerequsite" time="0.0">
    <skipped/>
  </testcase> <!-- @BeforeMethod prerequsite -->
  <testcase classname="TestClasses.LoginTest" name="@AfterMethod teardown" time="0.0">
    <skipped/>
  </testcase> <!-- @AfterMethod teardown -->
  <testcase classname="TestClasses.LoginTest" name="@BeforeMethod prerequsite" time="0.0">
    <skipped/>
  </testcase> <!-- @BeforeMethod prerequsite -->
  <testcase classname="TestClasses.LoginTest" name="@AfterMethod teardown" time="0.0">
    <skipped/>
  </testcase> <!-- @AfterMethod teardown -->
  <testcase classname="TestClasses.LoginTest" name="@BeforeMethod prerequsite" time="0.0">
    <skipped/>
  </testcase> <!-- @BeforeMethod prerequsite -->
  <testcase classname="TestClasses.LoginTest" name="@AfterMethod teardown" time="0.0">
    <skipped/>
  </testcase> <!-- @AfterMethod teardown -->
  <testcase classname="TestClasses.LoginTest" name="@BeforeMethod prerequsite" time="0.0">
    <skipped/>
  </testcase> <!-- @BeforeMethod prerequsite -->
  <testcase classname="TestClasses.LoginTest" name="@AfterMethod teardown" time="0.0">
    <skipped/>
  </testcase> <!-- @AfterMethod teardown -->
  <testcase classname="TestClasses.LoginTest" name="@BeforeMethod prerequsite" time="0.0">
    <skipped/>
  </testcase> <!-- @BeforeMethod prerequsite -->
  <testcase classname="TestClasses.LoginTest" name="@AfterMethod teardown" time="0.0">
    <skipped/>
  </testcase> <!-- @AfterMethod teardown -->
  <testcase classname="TestClasses.LoginTest" name="@BeforeMethod prerequsite" time="0.0">
    <skipped/>
  </testcase> <!-- @BeforeMethod prerequsite -->
  <testcase classname="TestClasses.LoginTest" name="@AfterMethod teardown" time="0.0">
    <skipped/>
  </testcase> <!-- @AfterMethod teardown -->
  <testcase classname="TestClasses.LoginTest" name="SuccessfulLogin" time="0.0">
    <skipped/>
  </testcase> <!-- SuccessfulLogin -->
  <testcase classname="TestClasses.LoginTest" name="SuccessfulLogin" time="0.001">
    <skipped/>
  </testcase> <!-- SuccessfulLogin -->
  <testcase classname="TestClasses.LoginTest" name="SuccessfulLogin" time="0.001">
    <skipped/>
  </testcase> <!-- SuccessfulLogin -->
  <testcase classname="TestClasses.LoginTest" name="SuccessfulLogin" time="0.0">
    <skipped/>
  </testcase> <!-- SuccessfulLogin -->
  <testcase classname="TestClasses.LoginTest" name="SuccessfulLogin" time="0.001">
    <skipped/>
  </testcase> <!-- SuccessfulLogin -->
  <testcase classname="TestClasses.LoginTest" name="SuccessfulLogin" time="0.001">
    <skipped/>
  </testcase> <!-- SuccessfulLogin -->
  <testcase classname="TestClasses.LoginTest" name="Check_Optioncount_and_data" time="0.0">
    <skipped/>
  </testcase> <!-- Check_Optioncount_and_data -->
  <testcase classname="TestClasses.LoginTest" name="Invalid_UsernamePassword" time="0.0">
    <ignored/>
  </testcase> <!-- Invalid_UsernamePassword -->
</testsuite> <!-- Default test -->
